This file contains any messages produced by compilers while
running configure, to aid debugging if configure makes a mistake.

It was created by eChan configure 0.5.1, which was
generated by GNU Autoconf 2.59.  Invocation command line was

  $ ./configure 

## --------- ##
## Platform. ##
## --------- ##

hostname = alienbook
uname -m = x86_64
uname -r = 13.1.0
uname -s = Darwin
uname -v = Darwin Kernel Version 13.1.0: Thu Jan 16 19:40:37 PST 2014; root:xnu-2422.90.20~2/RELEASE_X86_64

/usr/bin/uname -p = i386
/bin/uname -X     = unknown

/bin/arch              = unknown
/usr/bin/arch -k       = unknown
/usr/convex/getsysinfo = unknown
hostinfo               = Mach kernel version:
	 Darwin Kernel Version 13.1.0: Thu Jan 16 19:40:37 PST 2014; root:xnu-2422.90.20~2/RELEASE_X86_64
Kernel configured for up to 8 processors.
4 processors are physically available.
8 processors are logically available.
Processor type: i486 (Intel 80486)
Processors active: 0 1 2 3 4 5 6 7
Primary memory available: 8.00 gigabytes
Default processor set: 197 tasks, 1238 threads, 8 processors
Load average: 1.49, Mach factor: 6.50
/bin/machine           = unknown
/usr/bin/oslevel       = unknown
/bin/universe          = unknown

PATH: /opt/local/bin
PATH: /opt/local/sbin
PATH: /Users/aalvarez/dev/depot_tools
PATH: /Users/aalvarez/bin
PATH: /usr/local/bin
PATH: /usr/local/mysql/bin
PATH: /usr/bin
PATH: /bin
PATH: /usr/sbin
PATH: /sbin
PATH: /usr/local/bin
PATH: /opt/X11/bin
PATH: /usr/bin
PATH: /bin
PATH: /usr/sbin
PATH: /sbin
PATH: /usr/local/bin
PATH: /opt/X11/bin


## ----------- ##
## Core tests. ##
## ----------- ##

configure:1378: checking for a BSD-compatible install
configure:1433: result: /opt/local/bin/ginstall -c
configure:1444: checking whether build environment is sane
configure:1487: result: yes
configure:1552: checking for gawk
configure:1568: found /opt/local/bin/gawk
configure:1578: result: gawk
configure:1588: checking whether make sets $(MAKE)
configure:1608: result: yes
configure:1830: checking for g++
configure:1846: found /usr/bin/g++
configure:1856: result: g++
configure:1872: checking for C++ compiler version
configure:1875: g++ --version </dev/null >&5
Configured with: --prefix=/Applications/Xcode.app/Contents/Developer/usr --with-gxx-include-dir=/usr/include/c++/4.2.1
Apple LLVM version 5.1 (clang-503.0.38) (based on LLVM 3.4svn)
Target: x86_64-apple-darwin13.1.0
Thread model: posix
configure:1878: $? = 0
configure:1880: g++ -v </dev/null >&5
Configured with: --prefix=/Applications/Xcode.app/Contents/Developer/usr --with-gxx-include-dir=/usr/include/c++/4.2.1
Apple LLVM version 5.1 (clang-503.0.38) (based on LLVM 3.4svn)
Target: x86_64-apple-darwin13.1.0
Thread model: posix
configure:1883: $? = 0
configure:1885: g++ -V </dev/null >&5
clang: error: argument to '-V' is missing (expected 1 value)
clang: error: no input files
configure:1888: $? = 1
configure:1911: checking for C++ compiler default output file name
configure:1914: g++    conftest.cc  >&5
configure:1917: $? = 0
configure:1963: result: a.out
configure:1968: checking whether the C++ compiler works
configure:1974: ./a.out
configure:1977: $? = 0
configure:1994: result: yes
configure:2001: checking whether we are cross compiling
configure:2003: result: no
configure:2006: checking for suffix of executables
configure:2008: g++ -o conftest    conftest.cc  >&5
configure:2011: $? = 0
configure:2036: result: 
configure:2042: checking for suffix of object files
configure:2063: g++ -c   conftest.cc >&5
configure:2066: $? = 0
configure:2088: result: o
configure:2092: checking whether we are using the GNU C++ compiler
configure:2116: g++ -c   conftest.cc >&5
configure:2122: $? = 0
configure:2126: test -z 
			 || test ! -s conftest.err
configure:2129: $? = 0
configure:2132: test -s conftest.o
configure:2135: $? = 0
configure:2148: result: yes
configure:2154: checking whether g++ accepts -g
configure:2175: g++ -c -g  conftest.cc >&5
configure:2181: $? = 0
configure:2185: test -z 
			 || test ! -s conftest.err
configure:2188: $? = 0
configure:2191: test -s conftest.o
configure:2194: $? = 0
configure:2205: result: yes
configure:2247: g++ -c -g -O2  conftest.cc >&5
configure:2253: $? = 0
configure:2257: test -z 
			 || test ! -s conftest.err
configure:2260: $? = 0
configure:2263: test -s conftest.o
configure:2266: $? = 0
configure:2292: g++ -c -g -O2  conftest.cc >&5
conftest.cc:15:1: error: use of undeclared identifier 'exit'
exit (42);
^
1 error generated.
configure:2298: $? = 1
configure: failed program was:
| /* confdefs.h.  */
| 
| #define PACKAGE_NAME "eChan"
| #define PACKAGE_TARNAME "echan"
| #define PACKAGE_VERSION "0.5.1"
| #define PACKAGE_STRING "eChan 0.5.1"
| #define PACKAGE_BUGREPORT "alan.alvarez@us.army.mil"
| #define PACKAGE "echan"
| #define VERSION "0.5.1"
| /* end confdefs.h.  */
| 
| int
| main ()
| {
| exit (42);
|   ;
|   return 0;
| }
configure:2247: g++ -c -g -O2  conftest.cc >&5
conftest.cc:11:17: error: use of undeclared identifier 'std'
extern "C" void std::exit (int) throw (); using std::exit;
                ^
conftest.cc:11:49: error: use of undeclared identifier 'std'
extern "C" void std::exit (int) throw (); using std::exit;
                                                ^
2 errors generated.
configure:2253: $? = 1
configure: failed program was:
| /* confdefs.h.  */
| 
| #define PACKAGE_NAME "eChan"
| #define PACKAGE_TARNAME "echan"
| #define PACKAGE_VERSION "0.5.1"
| #define PACKAGE_STRING "eChan 0.5.1"
| #define PACKAGE_BUGREPORT "alan.alvarez@us.army.mil"
| #define PACKAGE "echan"
| #define VERSION "0.5.1"
| /* end confdefs.h.  */
| extern "C" void std::exit (int) throw (); using std::exit;
| #include <stdlib.h>
| int
| main ()
| {
| exit (42);
|   ;
|   return 0;
| }
configure:2247: g++ -c -g -O2  conftest.cc >&5
conftest.cc:11:17: error: use of undeclared identifier 'std'
extern "C" void std::exit (int); using std::exit;
                ^
conftest.cc:11:40: error: use of undeclared identifier 'std'
extern "C" void std::exit (int); using std::exit;
                                       ^
2 errors generated.
configure:2253: $? = 1
configure: failed program was:
| /* confdefs.h.  */
| 
| #define PACKAGE_NAME "eChan"
| #define PACKAGE_TARNAME "echan"
| #define PACKAGE_VERSION "0.5.1"
| #define PACKAGE_STRING "eChan 0.5.1"
| #define PACKAGE_BUGREPORT "alan.alvarez@us.army.mil"
| #define PACKAGE "echan"
| #define VERSION "0.5.1"
| /* end confdefs.h.  */
| extern "C" void std::exit (int); using std::exit;
| #include <stdlib.h>
| int
| main ()
| {
| exit (42);
|   ;
|   return 0;
| }
configure:2247: g++ -c -g -O2  conftest.cc >&5
configure:2253: $? = 0
configure:2257: test -z 
			 || test ! -s conftest.err
configure:2260: $? = 0
configure:2263: test -s conftest.o
configure:2266: $? = 0
configure:2292: g++ -c -g -O2  conftest.cc >&5
configure:2298: $? = 0
configure:2302: test -z 
			 || test ! -s conftest.err
configure:2305: $? = 0
configure:2308: test -s conftest.o
configure:2311: $? = 0
configure:2345: checking for style of include used by make
configure:2373: result: GNU
configure:2401: checking dependency style of g++
configure:2491: result: gcc3
configure:2554: checking for gcc
configure:2570: found /usr/bin/gcc
configure:2580: result: gcc
configure:2824: checking for C compiler version
configure:2827: gcc --version </dev/null >&5
Configured with: --prefix=/Applications/Xcode.app/Contents/Developer/usr --with-gxx-include-dir=/usr/include/c++/4.2.1
Apple LLVM version 5.1 (clang-503.0.38) (based on LLVM 3.4svn)
Target: x86_64-apple-darwin13.1.0
Thread model: posix
configure:2830: $? = 0
configure:2832: gcc -v </dev/null >&5
Configured with: --prefix=/Applications/Xcode.app/Contents/Developer/usr --with-gxx-include-dir=/usr/include/c++/4.2.1
Apple LLVM version 5.1 (clang-503.0.38) (based on LLVM 3.4svn)
Target: x86_64-apple-darwin13.1.0
Thread model: posix
configure:2835: $? = 0
configure:2837: gcc -V </dev/null >&5
clang: error: argument to '-V' is missing (expected 1 value)
clang: error: no input files
configure:2840: $? = 1
configure:2843: checking whether we are using the GNU C compiler
configure:2867: gcc -c   conftest.c >&5
configure:2873: $? = 0
configure:2877: test -z 
			 || test ! -s conftest.err
configure:2880: $? = 0
configure:2883: test -s conftest.o
configure:2886: $? = 0
configure:2899: result: yes
configure:2905: checking whether gcc accepts -g
configure:2926: gcc -c -g  conftest.c >&5
configure:2932: $? = 0
configure:2936: test -z 
			 || test ! -s conftest.err
configure:2939: $? = 0
configure:2942: test -s conftest.o
configure:2945: $? = 0
configure:2956: result: yes
configure:2973: checking for gcc option to accept ANSI C
configure:3043: gcc  -c -g -O2  conftest.c >&5
configure:3049: $? = 0
configure:3053: test -z 
			 || test ! -s conftest.err
configure:3056: $? = 0
configure:3059: test -s conftest.o
configure:3062: $? = 0
configure:3080: result: none needed
configure:3098: gcc -c -g -O2  conftest.c >&5
conftest.c:2:3: error: unknown type name 'choke'
  choke me
  ^
conftest.c:2:11: error: expected ';' after top level declarator
  choke me
          ^
          ;
2 errors generated.
configure:3104: $? = 1
configure: failed program was:
| #ifndef __cplusplus
|   choke me
| #endif
configure:3239: checking dependency style of gcc
configure:3329: result: gcc3
configure:3346: checking whether make sets $(MAKE)
configure:3366: result: yes
configure:3380: checking how to run the C preprocessor
configure:3415: gcc -E  conftest.c
configure:3421: $? = 0
configure:3453: gcc -E  conftest.c
conftest.c:14:10: fatal error: 'ac_nonexistent.h' file not found
#include <ac_nonexistent.h>
         ^
1 error generated.
configure:3459: $? = 1
configure: failed program was:
| /* confdefs.h.  */
| 
| #define PACKAGE_NAME "eChan"
| #define PACKAGE_TARNAME "echan"
| #define PACKAGE_VERSION "0.5.1"
| #define PACKAGE_STRING "eChan 0.5.1"
| #define PACKAGE_BUGREPORT "alan.alvarez@us.army.mil"
| #define PACKAGE "echan"
| #define VERSION "0.5.1"
| #ifdef __cplusplus
| extern "C" void exit (int) throw ();
| #endif
| /* end confdefs.h.  */
| #include <ac_nonexistent.h>
configure:3498: result: gcc -E
configure:3522: gcc -E  conftest.c
configure:3528: $? = 0
configure:3560: gcc -E  conftest.c
conftest.c:14:10: fatal error: 'ac_nonexistent.h' file not found
#include <ac_nonexistent.h>
         ^
1 error generated.
configure:3566: $? = 1
configure: failed program was:
| /* confdefs.h.  */
| 
| #define PACKAGE_NAME "eChan"
| #define PACKAGE_TARNAME "echan"
| #define PACKAGE_VERSION "0.5.1"
| #define PACKAGE_STRING "eChan 0.5.1"
| #define PACKAGE_BUGREPORT "alan.alvarez@us.army.mil"
| #define PACKAGE "echan"
| #define VERSION "0.5.1"
| #ifdef __cplusplus
| extern "C" void exit (int) throw ();
| #endif
| /* end confdefs.h.  */
| #include <ac_nonexistent.h>
configure:3615: checking for egrep
configure:3625: result: grep -E
configure:3630: checking for ANSI C header files
configure:3655: gcc -c -g -O2  conftest.c >&5
configure:3661: $? = 0
configure:3665: test -z 
			 || test ! -s conftest.err
configure:3668: $? = 0
configure:3671: test -s conftest.o
configure:3674: $? = 0
configure:3763: gcc -o conftest -g -O2   conftest.c  >&5
conftest.c:31:7: warning: implicitly declaring library function 'exit' with type 'void (int) __attribute__((noreturn))'
      exit(2);
      ^
conftest.c:31:7: note: please include the header <stdlib.h> or explicitly provide a declaration for 'exit'
1 warning generated.
configure:3766: $? = 0
configure:3768: ./conftest
configure:3771: $? = 0
configure:3786: result: yes
configure:3810: checking for sys/types.h
configure:3826: gcc -c -g -O2  conftest.c >&5
configure:3832: $? = 0
configure:3836: test -z 
			 || test ! -s conftest.err
configure:3839: $? = 0
configure:3842: test -s conftest.o
configure:3845: $? = 0
configure:3856: result: yes
configure:3810: checking for sys/stat.h
configure:3826: gcc -c -g -O2  conftest.c >&5
configure:3832: $? = 0
configure:3836: test -z 
			 || test ! -s conftest.err
configure:3839: $? = 0
configure:3842: test -s conftest.o
configure:3845: $? = 0
configure:3856: result: yes
configure:3810: checking for stdlib.h
configure:3826: gcc -c -g -O2  conftest.c >&5
configure:3832: $? = 0
configure:3836: test -z 
			 || test ! -s conftest.err
configure:3839: $? = 0
configure:3842: test -s conftest.o
configure:3845: $? = 0
configure:3856: result: yes
configure:3810: checking for string.h
configure:3826: gcc -c -g -O2  conftest.c >&5
configure:3832: $? = 0
configure:3836: test -z 
			 || test ! -s conftest.err
configure:3839: $? = 0
configure:3842: test -s conftest.o
configure:3845: $? = 0
configure:3856: result: yes
configure:3810: checking for memory.h
configure:3826: gcc -c -g -O2  conftest.c >&5
configure:3832: $? = 0
configure:3836: test -z 
			 || test ! -s conftest.err
configure:3839: $? = 0
configure:3842: test -s conftest.o
configure:3845: $? = 0
configure:3856: result: yes
configure:3810: checking for strings.h
configure:3826: gcc -c -g -O2  conftest.c >&5
configure:3832: $? = 0
configure:3836: test -z 
			 || test ! -s conftest.err
configure:3839: $? = 0
configure:3842: test -s conftest.o
configure:3845: $? = 0
configure:3856: result: yes
configure:3810: checking for inttypes.h
configure:3826: gcc -c -g -O2  conftest.c >&5
configure:3832: $? = 0
configure:3836: test -z 
			 || test ! -s conftest.err
configure:3839: $? = 0
configure:3842: test -s conftest.o
configure:3845: $? = 0
configure:3856: result: yes
configure:3810: checking for stdint.h
configure:3826: gcc -c -g -O2  conftest.c >&5
configure:3832: $? = 0
configure:3836: test -z 
			 || test ! -s conftest.err
configure:3839: $? = 0
configure:3842: test -s conftest.o
configure:3845: $? = 0
configure:3856: result: yes
configure:3810: checking for unistd.h
configure:3826: gcc -c -g -O2  conftest.c >&5
configure:3832: $? = 0
configure:3836: test -z 
			 || test ! -s conftest.err
configure:3839: $? = 0
configure:3842: test -s conftest.o
configure:3845: $? = 0
configure:3856: result: yes
configure:3889: checking arpa/inet.h usability
configure:3901: gcc -c -g -O2  conftest.c >&5
configure:3907: $? = 0
configure:3911: test -z 
			 || test ! -s conftest.err
configure:3914: $? = 0
configure:3917: test -s conftest.o
configure:3920: $? = 0
configure:3930: result: yes
configure:3934: checking arpa/inet.h presence
configure:3944: gcc -E  conftest.c
configure:3950: $? = 0
configure:3970: result: yes
configure:4005: checking for arpa/inet.h
configure:4012: result: yes
configure:3889: checking fcntl.h usability
configure:3901: gcc -c -g -O2  conftest.c >&5
configure:3907: $? = 0
configure:3911: test -z 
			 || test ! -s conftest.err
configure:3914: $? = 0
configure:3917: test -s conftest.o
configure:3920: $? = 0
configure:3930: result: yes
configure:3934: checking fcntl.h presence
configure:3944: gcc -E  conftest.c
configure:3950: $? = 0
configure:3970: result: yes
configure:4005: checking for fcntl.h
configure:4012: result: yes
configure:3889: checking netdb.h usability
configure:3901: gcc -c -g -O2  conftest.c >&5
configure:3907: $? = 0
configure:3911: test -z 
			 || test ! -s conftest.err
configure:3914: $? = 0
configure:3917: test -s conftest.o
configure:3920: $? = 0
configure:3930: result: yes
configure:3934: checking netdb.h presence
configure:3944: gcc -E  conftest.c
configure:3950: $? = 0
configure:3970: result: yes
configure:4005: checking for netdb.h
configure:4012: result: yes
configure:3889: checking netinet/in.h usability
configure:3901: gcc -c -g -O2  conftest.c >&5
configure:3907: $? = 0
configure:3911: test -z 
			 || test ! -s conftest.err
configure:3914: $? = 0
configure:3917: test -s conftest.o
configure:3920: $? = 0
configure:3930: result: yes
configure:3934: checking netinet/in.h presence
configure:3944: gcc -E  conftest.c
configure:3950: $? = 0
configure:3970: result: yes
configure:4005: checking for netinet/in.h
configure:4012: result: yes
configure:3880: checking for string.h
configure:3885: result: yes
configure:3889: checking sys/socket.h usability
configure:3901: gcc -c -g -O2  conftest.c >&5
configure:3907: $? = 0
configure:3911: test -z 
			 || test ! -s conftest.err
configure:3914: $? = 0
configure:3917: test -s conftest.o
configure:3920: $? = 0
configure:3930: result: yes
configure:3934: checking sys/socket.h presence
configure:3944: gcc -E  conftest.c
configure:3950: $? = 0
configure:3970: result: yes
configure:4005: checking for sys/socket.h
configure:4012: result: yes
configure:3889: checking sys/time.h usability
configure:3901: gcc -c -g -O2  conftest.c >&5
configure:3907: $? = 0
configure:3911: test -z 
			 || test ! -s conftest.err
configure:3914: $? = 0
configure:3917: test -s conftest.o
configure:3920: $? = 0
configure:3930: result: yes
configure:3934: checking sys/time.h presence
configure:3944: gcc -E  conftest.c
configure:3950: $? = 0
configure:3970: result: yes
configure:4005: checking for sys/time.h
configure:4012: result: yes
configure:3880: checking for unistd.h
configure:3885: result: yes
configure:4027: checking for stdbool.h that conforms to C99
configure:4080: gcc -c -g -O2  conftest.c >&5
configure:4086: $? = 0
configure:4090: test -z 
			 || test ! -s conftest.err
configure:4093: $? = 0
configure:4096: test -s conftest.o
configure:4099: $? = 0
configure:4110: result: yes
configure:4112: checking for _Bool
configure:4136: gcc -c -g -O2  conftest.c >&5
configure:4142: $? = 0
configure:4146: test -z 
			 || test ! -s conftest.err
configure:4149: $? = 0
configure:4152: test -s conftest.o
configure:4155: $? = 0
configure:4166: result: yes
configure:4185: checking for an ANSI C-conforming const
configure:4252: gcc -c -g -O2  conftest.c >&5
configure:4258: $? = 0
configure:4262: test -z 
			 || test ! -s conftest.err
configure:4265: $? = 0
configure:4268: test -s conftest.o
configure:4271: $? = 0
configure:4282: result: yes
configure:4292: checking for inline
configure:4313: gcc -c -g -O2  conftest.c >&5
configure:4319: $? = 0
configure:4323: test -z 
			 || test ! -s conftest.err
configure:4326: $? = 0
configure:4329: test -s conftest.o
configure:4332: $? = 0
configure:4344: result: inline
configure:4363: checking whether time.h and sys/time.h may both be included
configure:4388: gcc -c -g -O2  conftest.c >&5
configure:4394: $? = 0
configure:4398: test -z 
			 || test ! -s conftest.err
configure:4401: $? = 0
configure:4404: test -s conftest.o
configure:4407: $? = 0
configure:4418: result: yes
configure:4428: checking for size_t
configure:4452: gcc -c -g -O2  conftest.c >&5
configure:4458: $? = 0
configure:4462: test -z 
			 || test ! -s conftest.err
configure:4465: $? = 0
configure:4468: test -s conftest.o
configure:4471: $? = 0
configure:4482: result: yes
configure:4496: checking for error_at_line
configure:4517: gcc -o conftest -g -O2   conftest.c  >&5
conftest.c:72:1: warning: implicit declaration of function 'error_at_line' is invalid in C99 [-Wimplicit-function-declaration]
error_at_line (0, 0, "", 0, "");
^
1 warning generated.
Undefined symbols for architecture x86_64:
  "_error_at_line", referenced from:
      _main in conftest-e9cf3d.o
ld: symbol(s) not found for architecture x86_64
clang: error: linker command failed with exit code 1 (use -v to see invocation)
configure:4523: $? = 1
configure: failed program was:
| /* confdefs.h.  */
| 
| #define PACKAGE_NAME "eChan"
| #define PACKAGE_TARNAME "echan"
| #define PACKAGE_VERSION "0.5.1"
| #define PACKAGE_STRING "eChan 0.5.1"
| #define PACKAGE_BUGREPORT "alan.alvarez@us.army.mil"
| #define PACKAGE "echan"
| #define VERSION "0.5.1"
| #ifdef __cplusplus
| extern "C" void exit (int) throw ();
| #endif
| #define STDC_HEADERS 1
| #define HAVE_SYS_TYPES_H 1
| #define HAVE_SYS_STAT_H 1
| #define HAVE_STDLIB_H 1
| #define HAVE_STRING_H 1
| #define HAVE_MEMORY_H 1
| #define HAVE_STRINGS_H 1
| #define HAVE_INTTYPES_H 1
| #define HAVE_STDINT_H 1
| #define HAVE_UNISTD_H 1
| #define HAVE_ARPA_INET_H 1
| #define HAVE_FCNTL_H 1
| #define HAVE_NETDB_H 1
| #define HAVE_NETINET_IN_H 1
| #define HAVE_STRING_H 1
| #define HAVE_SYS_SOCKET_H 1
| #define HAVE_SYS_TIME_H 1
| #define HAVE_UNISTD_H 1
| #define HAVE__BOOL 1
| #define HAVE_STDBOOL_H 1
| #define TIME_WITH_SYS_TIME 1
| /* end confdefs.h.  */
| #include <stdio.h>
| #if HAVE_SYS_TYPES_H
| # include <sys/types.h>
| #endif
| #if HAVE_SYS_STAT_H
| # include <sys/stat.h>
| #endif
| #if STDC_HEADERS
| # include <stdlib.h>
| # include <stddef.h>
| #else
| # if HAVE_STDLIB_H
| #  include <stdlib.h>
| # endif
| #endif
| #if HAVE_STRING_H
| # if !STDC_HEADERS && HAVE_MEMORY_H
| #  include <memory.h>
| # endif
| # include <string.h>
| #endif
| #if HAVE_STRINGS_H
| # include <strings.h>
| #endif
| #if HAVE_INTTYPES_H
| # include <inttypes.h>
| #else
| # if HAVE_STDINT_H
| #  include <stdint.h>
| # endif
| #endif
| #if HAVE_UNISTD_H
| # include <unistd.h>
| #endif
| int
| main ()
| {
| error_at_line (0, 0, "", 0, "");
|   ;
|   return 0;
| }
configure:4548: result: no
configure:4561: checking for pid_t
configure:4585: gcc -c -g -O2  conftest.c >&5
configure:4591: $? = 0
configure:4595: test -z 
			 || test ! -s conftest.err
configure:4598: $? = 0
configure:4601: test -s conftest.o
configure:4604: $? = 0
configure:4615: result: yes
configure:4633: checking for unistd.h
configure:4638: result: yes
configure:4642: checking vfork.h usability
configure:4654: gcc -c -g -O2  conftest.c >&5
conftest.c:70:10: fatal error: 'vfork.h' file not found
#include <vfork.h>
         ^
1 error generated.
configure:4660: $? = 1
configure: failed program was:
| /* confdefs.h.  */
| 
| #define PACKAGE_NAME "eChan"
| #define PACKAGE_TARNAME "echan"
| #define PACKAGE_VERSION "0.5.1"
| #define PACKAGE_STRING "eChan 0.5.1"
| #define PACKAGE_BUGREPORT "alan.alvarez@us.army.mil"
| #define PACKAGE "echan"
| #define VERSION "0.5.1"
| #ifdef __cplusplus
| extern "C" void exit (int) throw ();
| #endif
| #define STDC_HEADERS 1
| #define HAVE_SYS_TYPES_H 1
| #define HAVE_SYS_STAT_H 1
| #define HAVE_STDLIB_H 1
| #define HAVE_STRING_H 1
| #define HAVE_MEMORY_H 1
| #define HAVE_STRINGS_H 1
| #define HAVE_INTTYPES_H 1
| #define HAVE_STDINT_H 1
| #define HAVE_UNISTD_H 1
| #define HAVE_ARPA_INET_H 1
| #define HAVE_FCNTL_H 1
| #define HAVE_NETDB_H 1
| #define HAVE_NETINET_IN_H 1
| #define HAVE_STRING_H 1
| #define HAVE_SYS_SOCKET_H 1
| #define HAVE_SYS_TIME_H 1
| #define HAVE_UNISTD_H 1
| #define HAVE__BOOL 1
| #define HAVE_STDBOOL_H 1
| #define TIME_WITH_SYS_TIME 1
| #define HAVE_UNISTD_H 1
| /* end confdefs.h.  */
| #include <stdio.h>
| #if HAVE_SYS_TYPES_H
| # include <sys/types.h>
| #endif
| #if HAVE_SYS_STAT_H
| # include <sys/stat.h>
| #endif
| #if STDC_HEADERS
| # include <stdlib.h>
| # include <stddef.h>
| #else
| # if HAVE_STDLIB_H
| #  include <stdlib.h>
| # endif
| #endif
| #if HAVE_STRING_H
| # if !STDC_HEADERS && HAVE_MEMORY_H
| #  include <memory.h>
| # endif
| # include <string.h>
| #endif
| #if HAVE_STRINGS_H
| # include <strings.h>
| #endif
| #if HAVE_INTTYPES_H
| # include <inttypes.h>
| #else
| # if HAVE_STDINT_H
| #  include <stdint.h>
| # endif
| #endif
| #if HAVE_UNISTD_H
| # include <unistd.h>
| #endif
| #include <vfork.h>
configure:4683: result: no
configure:4687: checking vfork.h presence
configure:4697: gcc -E  conftest.c
conftest.c:36:10: fatal error: 'vfork.h' file not found
#include <vfork.h>
         ^
1 error generated.
configure:4703: $? = 1
configure: failed program was:
| /* confdefs.h.  */
| 
| #define PACKAGE_NAME "eChan"
| #define PACKAGE_TARNAME "echan"
| #define PACKAGE_VERSION "0.5.1"
| #define PACKAGE_STRING "eChan 0.5.1"
| #define PACKAGE_BUGREPORT "alan.alvarez@us.army.mil"
| #define PACKAGE "echan"
| #define VERSION "0.5.1"
| #ifdef __cplusplus
| extern "C" void exit (int) throw ();
| #endif
| #define STDC_HEADERS 1
| #define HAVE_SYS_TYPES_H 1
| #define HAVE_SYS_STAT_H 1
| #define HAVE_STDLIB_H 1
| #define HAVE_STRING_H 1
| #define HAVE_MEMORY_H 1
| #define HAVE_STRINGS_H 1
| #define HAVE_INTTYPES_H 1
| #define HAVE_STDINT_H 1
| #define HAVE_UNISTD_H 1
| #define HAVE_ARPA_INET_H 1
| #define HAVE_FCNTL_H 1
| #define HAVE_NETDB_H 1
| #define HAVE_NETINET_IN_H 1
| #define HAVE_STRING_H 1
| #define HAVE_SYS_SOCKET_H 1
| #define HAVE_SYS_TIME_H 1
| #define HAVE_UNISTD_H 1
| #define HAVE__BOOL 1
| #define HAVE_STDBOOL_H 1
| #define TIME_WITH_SYS_TIME 1
| #define HAVE_UNISTD_H 1
| /* end confdefs.h.  */
| #include <vfork.h>
configure:4723: result: no
configure:4758: checking for vfork.h
configure:4765: result: no
configure:4783: checking for fork
configure:4840: gcc -o conftest -g -O2   conftest.c  >&5
configure:4846: $? = 0
configure:4850: test -z 
			 || test ! -s conftest.err
configure:4853: $? = 0
configure:4856: test -s conftest
configure:4859: $? = 0
configure:4871: result: yes
configure:4783: checking for vfork
configure:4840: gcc -o conftest -g -O2   conftest.c  >&5
conftest.c:61:6: warning: incompatible redeclaration of library function 'vfork' [-Wincompatible-library-redeclaration]
char vfork ();
     ^
conftest.c:61:6: note: 'vfork' is a builtin with type 'int (void)'
1 warning generated.
configure:4846: $? = 0
configure:4850: test -z 
			 || test ! -s conftest.err
configure:4853: $? = 0
configure:4856: test -s conftest
configure:4859: $? = 0
configure:4871: result: yes
configure:4882: checking for working fork
configure:4905: gcc -o conftest -g -O2   conftest.c  >&5
conftest.c:9:6: warning: implicit declaration of function 'fork' is invalid in C99 [-Wimplicit-function-declaration]
        if (fork() < 0)
            ^
conftest.c:10:4: warning: implicitly declaring library function 'exit' with type 'void (int) __attribute__((noreturn))'
          exit (1);
          ^
conftest.c:10:4: note: please include the header <stdlib.h> or explicitly provide a declaration for 'exit'
2 warnings generated.
configure:4908: $? = 0
configure:4910: ./conftest
configure:4913: $? = 0
configure:4927: result: yes
configure:4948: checking for working vfork
configure:5081: result: yes
configure:5127: checking sys/select.h usability
configure:5139: gcc -c -g -O2  conftest.c >&5
configure:5145: $? = 0
configure:5149: test -z 
			 || test ! -s conftest.err
configure:5152: $? = 0
configure:5155: test -s conftest.o
configure:5158: $? = 0
configure:5168: result: yes
configure:5172: checking sys/select.h presence
configure:5182: gcc -E  conftest.c
configure:5188: $? = 0
configure:5208: result: yes
configure:5243: checking for sys/select.h
configure:5250: result: yes
configure:5118: checking for sys/socket.h
configure:5123: result: yes
configure:5263: checking types of arguments for select
configure:5296: gcc -c -g -O2  conftest.c >&5
configure:5302: $? = 0
configure:5306: test -z 
			 || test ! -s conftest.err
configure:5309: $? = 0
configure:5312: test -s conftest.o
configure:5315: $? = 0
configure:5331: result: int,fd_set *,struct timeval *
configure:5362: checking for memset
configure:5419: gcc -o conftest -g -O2   conftest.c  >&5
conftest.c:69:6: warning: incompatible redeclaration of library function 'memset' [-Wincompatible-library-redeclaration]
char memset ();
     ^
conftest.c:69:6: note: 'memset' is a builtin with type 'void *(void *, int, unsigned long)'
1 warning generated.
configure:5425: $? = 0
configure:5429: test -z 
			 || test ! -s conftest.err
configure:5432: $? = 0
configure:5435: test -s conftest
configure:5438: $? = 0
configure:5450: result: yes
configure:5362: checking for pow
configure:5419: gcc -o conftest -g -O2   conftest.c  >&5
conftest.c:70:6: warning: incompatible redeclaration of library function 'pow' [-Wincompatible-library-redeclaration]
char pow ();
     ^
conftest.c:70:6: note: 'pow' is a builtin with type 'double (double, double)'
1 warning generated.
configure:5425: $? = 0
configure:5429: test -z 
			 || test ! -s conftest.err
configure:5432: $? = 0
configure:5435: test -s conftest
configure:5438: $? = 0
configure:5450: result: yes
configure:5362: checking for select
configure:5419: gcc -o conftest -g -O2   conftest.c  >&5
configure:5425: $? = 0
configure:5429: test -z 
			 || test ! -s conftest.err
configure:5432: $? = 0
configure:5435: test -s conftest
configure:5438: $? = 0
configure:5450: result: yes
configure:5362: checking for socket
configure:5419: gcc -o conftest -g -O2   conftest.c  >&5
configure:5425: $? = 0
configure:5429: test -z 
			 || test ! -s conftest.err
configure:5432: $? = 0
configure:5435: test -s conftest
configure:5438: $? = 0
configure:5450: result: yes
configure:5362: checking for strcasecmp
configure:5419: gcc -o conftest -g -O2   conftest.c  >&5
conftest.c:73:6: warning: incompatible redeclaration of library function 'strcasecmp' [-Wincompatible-library-redeclaration]
char strcasecmp ();
     ^
conftest.c:73:6: note: 'strcasecmp' is a builtin with type 'int (const char *, const char *)'
1 warning generated.
configure:5425: $? = 0
configure:5429: test -z 
			 || test ! -s conftest.err
configure:5432: $? = 0
configure:5435: test -s conftest
configure:5438: $? = 0
configure:5450: result: yes
configure:5489: checking for mysql.h
configure:5502: error: Unable to find mysql.h 

## ---------------- ##
## Cache variables. ##
## ---------------- ##

ac_cv_c_compiler_gnu=yes
ac_cv_c_const=yes
ac_cv_c_inline=inline
ac_cv_cxx_compiler_gnu=yes
ac_cv_env_CC_set=
ac_cv_env_CC_value=
ac_cv_env_CFLAGS_set=
ac_cv_env_CFLAGS_value=
ac_cv_env_CPPFLAGS_set=
ac_cv_env_CPPFLAGS_value=
ac_cv_env_CPP_set=
ac_cv_env_CPP_value=
ac_cv_env_CXXFLAGS_set=
ac_cv_env_CXXFLAGS_value=
ac_cv_env_CXX_set=
ac_cv_env_CXX_value=
ac_cv_env_LDFLAGS_set=
ac_cv_env_LDFLAGS_value=
ac_cv_env_build_alias_set=
ac_cv_env_build_alias_value=
ac_cv_env_host_alias_set=
ac_cv_env_host_alias_value=
ac_cv_env_target_alias_set=
ac_cv_env_target_alias_value=
ac_cv_exeext=
ac_cv_func_fork=yes
ac_cv_func_fork_works=yes
ac_cv_func_memset=yes
ac_cv_func_pow=yes
ac_cv_func_select=yes
ac_cv_func_select_args='int,fd_set *,struct timeval *'
ac_cv_func_socket=yes
ac_cv_func_strcasecmp=yes
ac_cv_func_vfork=yes
ac_cv_func_vfork_works=yes
ac_cv_header_arpa_inet_h=yes
ac_cv_header_fcntl_h=yes
ac_cv_header_inttypes_h=yes
ac_cv_header_memory_h=yes
ac_cv_header_netdb_h=yes
ac_cv_header_netinet_in_h=yes
ac_cv_header_stdbool_h=yes
ac_cv_header_stdc=yes
ac_cv_header_stdint_h=yes
ac_cv_header_stdlib_h=yes
ac_cv_header_string_h=yes
ac_cv_header_strings_h=yes
ac_cv_header_sys_select_h=yes
ac_cv_header_sys_socket_h=yes
ac_cv_header_sys_stat_h=yes
ac_cv_header_sys_time_h=yes
ac_cv_header_sys_types_h=yes
ac_cv_header_time=yes
ac_cv_header_unistd_h=yes
ac_cv_header_vfork_h=no
ac_cv_lib_error_at_line=no
ac_cv_objext=o
ac_cv_path_install='/opt/local/bin/ginstall -c'
ac_cv_prog_AWK=gawk
ac_cv_prog_CPP='gcc -E'
ac_cv_prog_ac_ct_CC=gcc
ac_cv_prog_ac_ct_CXX=g++
ac_cv_prog_cc_g=yes
ac_cv_prog_cc_stdc=
ac_cv_prog_cxx_g=yes
ac_cv_prog_egrep='grep -E'
ac_cv_prog_make_make_set=yes
ac_cv_type__Bool=yes
ac_cv_type_pid_t=yes
ac_cv_type_size_t=yes
am_cv_CC_dependencies_compiler_type=gcc3
am_cv_CXX_dependencies_compiler_type=gcc3

## ----------------- ##
## Output variables. ##
## ----------------- ##

ACLOCAL='${SHELL} /Users/aalvarez/dev/eChan/missing --run aclocal-1.9'
AMDEPBACKSLASH='\'
AMDEP_FALSE='#'
AMDEP_TRUE=''
AMTAR='${SHELL} /Users/aalvarez/dev/eChan/missing --run tar'
AUTOCONF='${SHELL} /Users/aalvarez/dev/eChan/missing --run autoconf'
AUTOHEADER='${SHELL} /Users/aalvarez/dev/eChan/missing --run autoheader'
AUTOMAKE='${SHELL} /Users/aalvarez/dev/eChan/missing --run automake-1.9'
AWK='gawk'
CC='gcc'
CCDEPMODE='depmode=gcc3'
CFLAGS='-g -O2'
CPP='gcc -E'
CPPFLAGS=''
CXX='g++'
CXXDEPMODE='depmode=gcc3'
CXXFLAGS='-g -O2'
CYGPATH_W='echo'
DEFS=''
DEPDIR='.deps'
ECHO_C='ECHO_N=''
ECHO_T=''
EGREP='grep -E'
EXEEXT=''
INSTALL_DATA='${INSTALL} -m 644'
INSTALL_PROGRAM='${INSTALL}'
INSTALL_SCRIPT='${INSTALL}'
INSTALL_STRIP_PROGRAM='${SHELL} $(install_sh) -c -s'
LDFLAGS=''
LIBOBJS=' error.o'
LIBS=''
LTLIBOBJS=''
MAKEINFO='${SHELL} /Users/aalvarez/dev/eChan/missing --run makeinfo'
MYSQLPP_INCLUDE='/usr/local/include/mysql++'
MYSQLPP_LIB='/usr/local/lib'
MYSQL_INCLUDE='/usr/local/mysql/include/mysql'
OBJEXT='o'
PACKAGE='echan'
PACKAGE_BUGREPORT='alan.alvarez@us.army.mil'
PACKAGE_NAME='eChan'
PACKAGE_STRING='eChan 0.5.1'
PACKAGE_TARNAME='echan'
PACKAGE_VERSION='0.5.1'
PATH_SEPARATOR=':'
SET_MAKE=''
SHELL='/bin/sh'
STRIP=''
VERSION='0.5.1'
ac_ct_CC='gcc'
ac_ct_CXX='g++'
ac_ct_STRIP=''
am__fastdepCC_FALSE='#'
am__fastdepCC_TRUE=''
am__fastdepCXX_FALSE='#'
am__fastdepCXX_TRUE=''
am__include='include'
am__leading_dot='.'
am__quote=''
am__tar='${AMTAR} chof - "$$tardir"'
am__untar='${AMTAR} xf -'
bindir='${exec_prefix}/bin'
build_alias=''
datadir='${prefix}/share'
exec_prefix='NONE'
host_alias=''
includedir='${prefix}/include'
infodir='${prefix}/info'
install_sh='/Users/aalvarez/dev/eChan/install-sh'
libdir='${exec_prefix}/lib'
libexecdir='${exec_prefix}/libexec'
localstatedir='${prefix}/var'
mandir='${prefix}/man'
mkdir_p='$(install_sh) -d'
oldincludedir='/usr/include'
prefix='NONE'
program_transform_name='s,x,x,'
sbindir='${exec_prefix}/sbin'
sharedstatedir='${prefix}/com'
sysconfdir='${prefix}/etc'
target_alias=''

## ----------- ##
## confdefs.h. ##
## ----------- ##

#define HAVE_ARPA_INET_H 1
#define HAVE_FCNTL_H 1
#define HAVE_FORK 1
#define HAVE_INTTYPES_H 1
#define HAVE_MEMORY_H 1
#define HAVE_MEMSET 1
#define HAVE_NETDB_H 1
#define HAVE_NETINET_IN_H 1
#define HAVE_POW 1
#define HAVE_SELECT 1
#define HAVE_SOCKET 1
#define HAVE_STDBOOL_H 1
#define HAVE_STDINT_H 1
#define HAVE_STDLIB_H 1
#define HAVE_STRCASECMP 1
#define HAVE_STRINGS_H 1
#define HAVE_STRING_H 1
#define HAVE_STRING_H 1
#define HAVE_SYS_SELECT_H 1
#define HAVE_SYS_SOCKET_H 1
#define HAVE_SYS_SOCKET_H 1
#define HAVE_SYS_STAT_H 1
#define HAVE_SYS_TIME_H 1
#define HAVE_SYS_TYPES_H 1
#define HAVE_UNISTD_H 1
#define HAVE_UNISTD_H 1
#define HAVE_UNISTD_H 1
#define HAVE_VFORK 1
#define HAVE_WORKING_FORK 1
#define HAVE_WORKING_VFORK 1
#define HAVE__BOOL 1
#define PACKAGE "echan"
#define PACKAGE_BUGREPORT "alan.alvarez@us.army.mil"
#define PACKAGE_NAME "eChan"
#define PACKAGE_STRING "eChan 0.5.1"
#define PACKAGE_TARNAME "echan"
#define PACKAGE_VERSION "0.5.1"
#define SELECT_TYPE_ARG1 int
#define SELECT_TYPE_ARG234 (fd_set *)
#define SELECT_TYPE_ARG5 (struct timeval *)
#define STDC_HEADERS 1
#define TIME_WITH_SYS_TIME 1
#define VERSION "0.5.1"
#endif
#ifdef __cplusplus
extern "C" void exit (int) throw ();

configure: exit 1
